<?xml version="1.0" encoding="UTF-8"?>
<!-- Generated by org.testng.reporters.JUnitReportReporter -->
<testsuite skipped="0" hostname="DSURYAKU" name="khan.nativeapp.testcases.KhanAppTest" tests="3" failures="0" timestamp="14 Aug 2020 17:30:03 GMT" time="158.435" errors="0">
  <testcase name="TC01" time="70.389" classname="khan.nativeapp.testcases.KhanAppTest"/>
  <testcase name="TC02" time="51.236" classname="khan.nativeapp.testcases.KhanAppTest"/>
  <testcase name="TC03" time="36.810" classname="khan.nativeapp.testcases.KhanAppTest"/>
</testsuite> <!-- khan.nativeapp.testcases.KhanAppTest -->
