<?xml version="1.0" encoding="UTF-8"?>
<!-- Generated by org.testng.reporters.JUnitReportReporter -->
<testsuite skipped="2" hostname="SATWADDE" name="ecommerce.hybrid.testrunner.HybridTestRunner" tests="3" failures="0" timestamp="10 Aug 2020 07:18:29 GMT" time="23.540" errors="0">
  <testcase name="TC03" time="23.540" classname="ecommerce.hybrid.testrunner.HybridTestRunner"/>
  <testcase name="TC01" classname="ecommerce.hybrid.testrunner.HybridTestRunner">
    <skipped/>
  </testcase> <!-- TC01 -->
  <testcase name="TC02" classname="ecommerce.hybrid.testrunner.HybridTestRunner">
    <skipped/>
  </testcase> <!-- TC02 -->
</testsuite> <!-- ecommerce.hybrid.testrunner.HybridTestRunner -->
