<?xml version="1.0" encoding="UTF-8"?>
<!-- Generated by org.testng.reporters.JUnitReportReporter -->
<testsuite skipped="0" hostname="DSURYAKU" name="ecommerce.hybrid.steps.HybridTest" tests="3" failures="0" timestamp="14 Aug 2020 13:39:21 GMT" time="194.266" errors="0">
  <testcase name="TC01" time="82.912" classname="ecommerce.hybrid.steps.HybridTest"/>
  <testcase name="TC02" time="70.327" classname="ecommerce.hybrid.steps.HybridTest"/>
  <testcase name="TC03" time="41.027" classname="ecommerce.hybrid.steps.HybridTest"/>
</testsuite> <!-- ecommerce.hybrid.steps.HybridTest -->
